Thu 09 Mar 2023 03:54:22 PM UTC: 
 tests:  0|7
total_score: 0/70
ef9b54b
Fri 17 Mar 2023 11:41:07 AM UTC: 
 exercises.c | 7 ++++++-
 1 file changed, 6 insertions(+), 1 deletion(-)
In file included from test.c:5:
exercises.c: In function ‘swap’:
exercises.c:17:11: error: expected expression before ‘<’ token
   17 |   if (*a >< *b){
      |           ^
exercises.c:16:7: error: variable ‘basura’ set but not used [-Werror=unused-but-set-variable]
   16 |   int basura;
      |       ^~~~~~
cc1: all warnings being treated as errors
Compilation failed
9833c15
Fri 17 Mar 2023 11:41:34 AM UTC: 
 exercises.c | 2 +-
 1 file changed, 1 insertion(+), 1 deletion(-)
In file included from test.c:5:
exercises.c: In function ‘swap’:
exercises.c:17:11: error: expected expression before ‘>’ token
   17 |   if (*a <> *b){
      |           ^
exercises.c:16:7: error: variable ‘basura’ set but not used [-Werror=unused-but-set-variable]
   16 |   int basura;
      |       ^~~~~~
cc1: all warnings being treated as errors
Compilation failed
bf4308d
Fri 17 Mar 2023 11:42:12 AM UTC: 
 exercises.c | 2 +-
 1 file changed, 1 insertion(+), 1 deletion(-)
In file included from test.c:5:
exercises.c: In function ‘swap’:
exercises.c:17:10: error: stray ‘\342’ in program
   17 |   if (*a ≠ *b){
      |          ^
exercises.c:17:14: error: invalid operands to binary * (have ‘int’ and ‘int *’)
   17 |   if (*a ≠ *b){
      |       ~~   ^
      |       |
      |       int
exercises.c:16:7: error: variable ‘basura’ set but not used [-Werror=unused-but-set-variable]
   16 |   int basura;
      |       ^~~~~~
cc1: all warnings being treated as errors
Compilation failed
646ece8
Fri 17 Mar 2023 11:42:40 AM UTC: 
 exercises.c | 2 +-
 1 file changed, 1 insertion(+), 1 deletion(-)
In file included from test.c:5:
exercises.c: In function ‘swap’:
exercises.c:17:7: error: suggest parentheses around assignment used as truth value [-Werror=parentheses]
   17 |   if (*a =! *b){
      |       ^
exercises.c:16:7: error: variable ‘basura’ set but not used [-Werror=unused-but-set-variable]
   16 |   int basura;
      |       ^~~~~~
cc1: all warnings being treated as errors
Compilation failed
57d505c
Fri 17 Mar 2023 11:43:06 AM UTC: 
 exercises.c | 5 ++---
 1 file changed, 2 insertions(+), 3 deletions(-)
In file included from test.c:5:
exercises.c: In function ‘swap’:
exercises.c:16:7: error: suggest parentheses around assignment used as truth value [-Werror=parentheses]
   16 |   if (*a =! *b){
      |       ^
cc1: all warnings being treated as errors
Compilation failed
791a1d4
Fri 17 Mar 2023 11:45:18 AM UTC: 
 exercises.c | 2 +-
 1 file changed, 1 insertion(+), 1 deletion(-)
In file included from test.c:5:
exercises.c: In function ‘swap’:
exercises.c:16:10: error: stray ‘\342’ in program
   16 |   if (*a ≠ *b){
      |          ^
exercises.c:16:14: error: invalid operands to binary * (have ‘int’ and ‘int *’)
   16 |   if (*a ≠ *b){
      |       ~~   ^
      |       |
      |       int
Compilation failed
ef040f9
Fri 17 Mar 2023 11:45:44 AM UTC: 
 exercises.c | 2 +-
 1 file changed, 1 insertion(+), 1 deletion(-)
In file included from test.c:5:
exercises.c: In function ‘swap’:
exercises.c:16:7: error: suggest parentheses around assignment used as truth value [-Werror=parentheses]
   16 |   if (*a = *b!){
      |       ^
exercises.c:16:14: error: expected ‘)’ before ‘!’ token
   16 |   if (*a = *b!){
      |      ~       ^
      |              )
cc1: all warnings being treated as errors
Compilation failed
2e99a96
Fri 17 Mar 2023 11:46:35 AM UTC: 
 exercises.c | 2 +-
 1 file changed, 1 insertion(+), 1 deletion(-)
In file included from test.c:5:
exercises.c: In function ‘swap’:
exercises.c:16:8: error: suggest parentheses around assignment used as truth value [-Werror=parentheses]
   16 |   if ( *a =! *b){
      |        ^
cc1: all warnings being treated as errors
Compilation failed
0452fa8
Fri 17 Mar 2023 11:47:03 AM UTC: 
 exercises.c | 2 +-
 1 file changed, 1 insertion(+), 1 deletion(-)
 tests:  1|6
total_score: 10/70
57a1724
Fri 17 Mar 2023 11:53:14 AM UTC: 
 exercises.c | 8 ++++++++
 1 file changed, 8 insertions(+)
In file included from test.c:5:
exercises.c: In function ‘arrayMaxMin’:
exercises.c:35:20: error: expected ‘;’ before ‘}’ token
   35 |         *min = a[i]
      |                    ^
      |                    ;
   36 | 
   37 |   }
      |   ~                 
Compilation failed
984eaae
Fri 17 Mar 2023 11:53:22 AM UTC: 
 exercises.c | 2 +-
 1 file changed, 1 insertion(+), 1 deletion(-)
In file included from test.c:5:
exercises.c: In function ‘arrayMaxMin’:
exercises.c:30:3: error: ‘i’ is used uninitialized in this function [-Werror=uninitialized]
   30 |   for (int i; i<n ;i++){
      |   ^~~
cc1: all warnings being treated as errors
Compilation failed
d27501f
Fri 17 Mar 2023 11:56:42 AM UTC: 
 exercises.c | 2 ++
 1 file changed, 2 insertions(+)
In file included from test.c:5:
exercises.c: In function ‘arrayMaxMin’:
exercises.c:32:3: error: ‘i’ is used uninitialized in this function [-Werror=uninitialized]
   32 |   for(int i; i<n ;i++){
      |   ^~~
cc1: all warnings being treated as errors
Compilation failed
78f00f0
Fri 17 Mar 2023 11:57:20 AM UTC: 
 exercises.c | 3 +--
 1 file changed, 1 insertion(+), 2 deletions(-)
 tests:  2|5
total_score: 20/70
286b050
Fri 17 Mar 2023 12:01:18 PM UTC: 
 exercises.c | 4 +++-
 1 file changed, 3 insertions(+), 1 deletion(-)
In file included from test.c:5:
exercises.c: In function ‘crearPersona’:
exercises.c:60:17: error: ‘p’ is a pointer; did you mean to use ‘->’?
   60 |   scanf("%c", &p.nombre);
      |                 ^
      |                 ->
exercises.c:61:17: error: ‘p’ is a pointer; did you mean to use ‘->’?
   61 |   scanf("%c", &p.rut);
      |                 ^
      |                 ->
exercises.c:62:3: error: ignoring return value of ‘scanf’ declared with attribute ‘warn_unused_result’ [-Werror=unused-result]
   62 |   scanf("%i", &edad);
      |   ^~~~~~~~~~~~~~~~~~
cc1: all warnings being treated as errors
Compilation failed
779733c
Fri 17 Mar 2023 12:01:55 PM UTC: 
 exercises.c | 6 +++---
 1 file changed, 3 insertions(+), 3 deletions(-)
In file included from test.c:5:
exercises.c: In function ‘crearPersona’:
exercises.c:60:17: error: ‘p’ is a pointer; did you mean to use ‘->’?
   60 |   scanf("%c", &p.nombre[30]);
      |                 ^
      |                 ->
exercises.c:61:17: error: ‘p’ is a pointer; did you mean to use ‘->’?
   61 |   scanf("%c", &p.rut[11]);
      |                 ^
      |                 ->
exercises.c:62:17: error: ‘p’ is a pointer; did you mean to use ‘->’?
   62 |   scanf("%i", &p.edad);
      |                 ^
      |                 ->
Compilation failed
49a1877
Fri 17 Mar 2023 12:05:05 PM UTC: 
 exercises.c | 6 +++---
 1 file changed, 3 insertions(+), 3 deletions(-)
In file included from test.c:5:
exercises.c: In function ‘crearPersona’:
exercises.c:60:3: error: implicit declaration of function ‘strcopy’; did you mean ‘strcpy’? [-Werror=implicit-function-declaration]
   60 |   strcopy(p.nombre, nombre);
      |   ^~~~~~~
      |   strcpy
exercises.c:60:12: error: ‘p’ is a pointer; did you mean to use ‘->’?
   60 |   strcopy(p.nombre, nombre);
      |            ^
      |            ->
exercises.c:61:12: error: ‘p’ is a pointer; did you mean to use ‘->’?
   61 |   strcopy(p.rut, rut);
      |            ^
      |            ->
exercises.c:62:4: error: ‘p’ is a pointer; did you mean to use ‘->’?
   62 |   p.edad=edad;
      |    ^
      |    ->
cc1: all warnings being treated as errors
Compilation failed
e8eb3ee
Fri 17 Mar 2023 12:05:23 PM UTC: 
 exercises.c | 4 ++--
 1 file changed, 2 insertions(+), 2 deletions(-)
In file included from test.c:5:
exercises.c: In function ‘crearPersona’:
exercises.c:60:11: error: ‘p’ is a pointer; did you mean to use ‘->’?
   60 |   strcpy(p.nombre, nombre);
      |           ^
      |           ->
exercises.c:61:11: error: ‘p’ is a pointer; did you mean to use ‘->’?
   61 |   strcpy(p.rut, rut);
      |           ^
      |           ->
exercises.c:62:4: error: ‘p’ is a pointer; did you mean to use ‘->’?
   62 |   p.edad=edad;
      |    ^
      |    ->
Compilation failed
e12d80b
Fri 17 Mar 2023 12:10:09 PM UTC: 
 exercises.c | 3 +++
 1 file changed, 3 insertions(+)
In file included from test.c:5:
exercises.c: In function ‘crearPersona’:
exercises.c:60:11: error: ‘p’ is a pointer; did you mean to use ‘->’?
   60 |   strcpy(p.nombre, nombre);
      |           ^
      |           ->
exercises.c:61:11: error: ‘p’ is a pointer; did you mean to use ‘->’?
   61 |   strcpy(p.rut, rut);
      |           ^
      |           ->
exercises.c:62:4: error: ‘p’ is a pointer; did you mean to use ‘->’?
   62 |   p.edad=edad;
      |    ^
      |    ->
Compilation failed
9f5b243
Fri 17 Mar 2023 12:10:32 PM UTC: 
 exercises.c | 3 ---
 1 file changed, 3 deletions(-)
 tests:  2|5
total_score: 20/70
fdf2654
Fri 17 Mar 2023 12:11:34 PM UTC: 
 exercises.c | 4 ++--
 1 file changed, 2 insertions(+), 2 deletions(-)
 tests:  2|5
total_score: 20/70
cd91be1
Fri 17 Mar 2023 12:14:17 PM UTC: 
 exercises.c | 4 +++-
 1 file changed, 3 insertions(+), 1 deletion(-)
 tests:  3|4
total_score: 30/70
79460e5
Fri 17 Mar 2023 12:16:34 PM UTC: 
 exercises.c | 2 +-
 1 file changed, 1 insertion(+), 1 deletion(-)
 tests:  3|4
total_score: 30/70
5acf92e
Fri 17 Mar 2023 12:18:48 PM UTC: 
 exercises.c | 4 ++--
 1 file changed, 2 insertions(+), 2 deletions(-)
In file included from test.c:5:
exercises.c: In function ‘crearVector’:
exercises.c:80:19: error: expected ‘=’, ‘,’, ‘;’, ‘asm’ or ‘__attribute__’ before ‘->’ token
   80 |   Vector * vectorA->datos = (Vector *) malloc(n * sizeof(Vector ));
      |                   ^~
exercises.c:80:19: error: expected expression before ‘->’ token
exercises.c:81:7: error: ‘vectorA’ undeclared (first use in this function); did you mean ‘Vector’?
   81 |   if (vectorA==NULL) exit(EXIT_FAILURE);
      |       ^~~~~~~
      |       Vector
exercises.c:81:7: note: each undeclared identifier is reported only once for each function it appears in
exercises.c:84:1: error: control reaches end of non-void function [-Werror=return-type]
   84 | }
      | ^
cc1: all warnings being treated as errors
Compilation failed
7fcd7f6
Fri 17 Mar 2023 12:19:02 PM UTC: 
 exercises.c | 2 +-
 1 file changed, 1 insertion(+), 1 deletion(-)
In file included from test.c:5:
exercises.c: In function ‘crearVector’:
exercises.c:80:19: error: expected ‘=’, ‘,’, ‘;’, ‘asm’ or ‘__attribute__’ before ‘->’ token
   80 |   Vector * vectorA->datos = (Vector *) malloc(n * sizeof(Vector ));
      |                   ^~
exercises.c:80:19: error: expected expression before ‘->’ token
exercises.c:81:7: error: ‘vectorA’ undeclared (first use in this function); did you mean ‘Vector’?
   81 |   if (vectorA->datos==NULL) exit(EXIT_FAILURE);
      |       ^~~~~~~
      |       Vector
exercises.c:81:7: note: each undeclared identifier is reported only once for each function it appears in
exercises.c:84:1: error: control reaches end of non-void function [-Werror=return-type]
   84 | }
      | ^
cc1: all warnings being treated as errors
Compilation failed
5176394
Fri 17 Mar 2023 12:23:10 PM UTC: 
 exercises.c | 4 +++-
 1 file changed, 3 insertions(+), 1 deletion(-)
In file included from test.c:5:
exercises.c: In function ‘crearVector’:
exercises.c:81:8: error: ‘vectorA’ undeclared (first use in this function); did you mean ‘vactorA’?
   81 |   if ( vectorA==NULL) exit(EXIT_FAILURE);
      |        ^~~~~~~
      |        vactorA
exercises.c:81:8: note: each undeclared identifier is reported only once for each function it appears in
exercises.c:80:12: error: unused variable ‘vactorA’ [-Werror=unused-variable]
   80 |   Vector * vactorA = (Vector *) malloc(sizeof(Vector));
      |            ^~~~~~~
exercises.c:86:1: error: control reaches end of non-void function [-Werror=return-type]
   86 | }
      | ^
cc1: all warnings being treated as errors
Compilation failed
bf9566a
Fri 17 Mar 2023 12:23:28 PM UTC: 
 exercises.c | 2 +-
 1 file changed, 1 insertion(+), 1 deletion(-)
In file included from test.c:5:
exercises.c: In function ‘crearVector’:
exercises.c:82:18: error: assignment to ‘int *’ from incompatible pointer type ‘Vector *’ [-Werror=incompatible-pointer-types]
   82 |   vectorA->datos = (Vector *) calloc(n, sizeof(Vector));
      |                  ^
cc1: all warnings being treated as errors
Compilation failed
c6de7f6
Fri 17 Mar 2023 12:23:57 PM UTC: 
 exercises.c | 2 +-
 1 file changed, 1 insertion(+), 1 deletion(-)
 tests:  4|3
total_score: 40/70
c6da6ef
Fri 17 Mar 2023 12:26:09 PM UTC: 
 exercises.c | 1 +
 1 file changed, 1 insertion(+)
In file included from test.c:5:
exercises.c: In function ‘asignarValor’:
exercises.c:94:8: error: incompatible types when assigning to type ‘Vector’ from type ‘int’
   94 |   v[i]=valor;
      |        ^~~~~
Compilation failed
2fe8763
Fri 17 Mar 2023 12:26:55 PM UTC: 
 exercises.c | 2 +-
 1 file changed, 1 insertion(+), 1 deletion(-)
In file included from test.c:5:
exercises.c: In function ‘asignarValor’:
exercises.c:94:7: error: invalid type argument of ‘->’ (have ‘Vector’)
   94 |   v[i]->datos[i]=valor;
      |       ^~
Compilation failed
733a389
Fri 17 Mar 2023 12:27:05 PM UTC: 
 exercises.c | 2 +-
 1 file changed, 1 insertion(+), 1 deletion(-)
 tests:  4|3
total_score: 40/70
76fb31f
Fri 17 Mar 2023 12:27:50 PM UTC: 
 exercises.c | 1 +
 1 file changed, 1 insertion(+)
In file included from test.c:5:
exercises.c: In function ‘asignarValor’:
exercises.c:94:22: error: expected ‘;’ before ‘v’
   94 |   printf("%i", valor)
      |                      ^
      |                      ;
   95 |   v->datos[i]=valor;
      |   ~                   
Compilation failed
e5f1030
Fri 17 Mar 2023 12:28:02 PM UTC: 
 exercises.c | 2 +-
 1 file changed, 1 insertion(+), 1 deletion(-)
 tests:  4|3
total_score: 40/70
0fed170
Fri 17 Mar 2023 12:28:24 PM UTC: 
 exercises.c | 1 -
 1 file changed, 1 deletion(-)
 tests:  4|3
total_score: 40/70
a453479
Sat 18 Mar 2023 02:21:54 PM UTC: 
 exercises.c | 3 ++-
 1 file changed, 2 insertions(+), 1 deletion(-)
In file included from test.c:5:
exercises.c: In function ‘asignarValor’:
exercises.c:95:9: error: ‘Vector’ has no member named ‘dato’; did you mean ‘datos’?
   95 |     *v->dato[i]=valor;
      |         ^~~~
      |         datos
Compilation failed
ab044de
Sat 18 Mar 2023 02:22:06 PM UTC: 
 exercises.c | 2 +-
 1 file changed, 1 insertion(+), 1 deletion(-)
In file included from test.c:5:
exercises.c: In function ‘asignarValor’:
exercises.c:95:5: error: invalid type argument of unary ‘*’ (have ‘int’)
   95 |     *v->datos[i]=valor;
      |     ^~~~~~~~~~~~
Compilation failed
f3564a6
Sat 18 Mar 2023 02:22:13 PM UTC: 
 exercises.c | 2 +-
 1 file changed, 1 insertion(+), 1 deletion(-)
 tests:  4|3
total_score: 40/70
723950a
Sat 18 Mar 2023 02:23:25 PM UTC: 
 exercises.c | 3 ++-
 1 file changed, 2 insertions(+), 1 deletion(-)
In file included from test.c:5:
exercises.c: In function ‘asignarValor’:
exercises.c:96:8: error: expected identifier before ‘*’ token
   96 |     v->*datos[i]=valor;
      |        ^
Compilation failed
61cec3d
Sat 18 Mar 2023 02:25:13 PM UTC: 
 exercises.c | 6 ++++--
 1 file changed, 4 insertions(+), 2 deletions(-)
 tests:  4|3
total_score: 40/70
8f35f97
Sat 18 Mar 2023 02:26:31 PM UTC: 
 exercises.c | 2 +-
 1 file changed, 1 insertion(+), 1 deletion(-)
 tests:  4|3
total_score: 40/70
e5c9fff
Sat 18 Mar 2023 02:28:36 PM UTC: 
 exercises.c | 3 ---
 1 file changed, 3 deletions(-)
 tests:  4|3
total_score: 40/70
95704f4
Sat 18 Mar 2023 02:35:31 PM UTC: 
 exercises.c | 5 ++++-
 1 file changed, 4 insertions(+), 1 deletion(-)
In file included from test.c:5:
exercises.c: In function ‘asignarValor’:
exercises.c:96:8: error: expected ‘;’ before ‘}’ token
   96 |     i=j
      |        ^
      |        ;
   97 |   }
      |   ~     
Compilation failed
b676b38
Sat 18 Mar 2023 02:35:37 PM UTC: 
 exercises.c | 2 +-
 1 file changed, 1 insertion(+), 1 deletion(-)
 tests:  4|3
total_score: 40/70
fcdc8eb
Sat 18 Mar 2023 02:36:09 PM UTC: 
 exercises.c | 2 +-
 1 file changed, 1 insertion(+), 1 deletion(-)
In file included from test.c:5:
exercises.c: In function ‘asignarValor’:
exercises.c:95:15: error: invalid type argument of ‘->’ (have ‘Vector’)
   95 |     valor=v[0]->datos[j];
      |               ^~
Compilation failed
3345fb2
